[2019-02-13 10:00:24] defaultLogger.INFO: Signature file found at: /home/ich_admin_miem/miembros.ichamartin.org/churchcrm/setup/..//signatures.json [] []
[2019-02-13 11:21:34] defaultLogger.INFO: Signature file found at: /home/ich_admin_miem/miembros.ichamartin.org/churchcrm/setup/..//signatures.json [] []
[2019-02-13 11:22:18] defaultLogger.INFO: Installing ChurchCRM Schema [] []
[2019-02-13 11:22:19] defaultLogger.INFO: Installed ChurchCRM Schema version: 3.2.4 [] []
[2019-02-13 14:22:30] defaultLogger.INFO: Starting background job processing [] []
[2019-02-13 14:22:30] defaultLogger.INFO: Starting application integrity check [] []
[2019-02-13 14:22:30] defaultLogger.INFO: Signature file found at: /home/ich_admin_miem/miembros.ichamartin.org/churchcrm/signatures.json [] []
[2019-02-13 14:22:30] defaultLogger.INFO: Application integrity check passed [] []
[2019-02-13 14:22:30] defaultLogger.INFO: Finished background job processing [] []
[2019-02-13 14:22:39] defaultLogger.INFO: Starting background job processing [] []
[2019-02-13 14:22:39] defaultLogger.INFO: Not starting application integrity check.  Last application integrity check run: 20190213-142230 [] []
[2019-02-13 14:22:39] defaultLogger.INFO: Finished background job processing [] []
[2019-02-13 14:22:58] defaultLogger.INFO: Starting background job processing [] []
[2019-02-13 14:22:58] defaultLogger.INFO: Not starting application integrity check.  Last application integrity check run: 20190213-142230 [] []
[2019-02-13 14:22:58] defaultLogger.INFO: Finished background job processing [] []
[2019-02-13 14:23:03] defaultLogger.INFO: Starting background job processing [] []
[2019-02-13 14:23:03] defaultLogger.INFO: Not starting application integrity check.  Last application integrity check run: 20190213-142230 [] []
[2019-02-13 14:23:03] defaultLogger.INFO: Finished background job processing [] []
[2019-02-13 14:25:19] defaultLogger.INFO: Starting background job processing [] []
[2019-02-13 14:25:19] defaultLogger.INFO: Not starting application integrity check.  Last application integrity check run: 20190213-142230 [] []
[2019-02-13 14:25:19] defaultLogger.INFO: Finished background job processing [] []
[2019-02-13 14:25:42] defaultLogger.INFO: Starting background job processing [] []
[2019-02-13 14:25:42] defaultLogger.INFO: Not starting application integrity check.  Last application integrity check run: 20190213-142230 [] []
[2019-02-13 14:25:42] defaultLogger.INFO: Finished background job processing [] []
[2019-02-13 14:26:03] defaultLogger.INFO: Integrity check result file found at: /home/ich_admin_miem/miembros.ichamartin.org/churchcrm/integrityCheck.json [] []
[2019-02-13 14:26:04] defaultLogger.INFO: Starting background job processing [] []
[2019-02-13 14:26:04] defaultLogger.INFO: Not starting application integrity check.  Last application integrity check run: 20190213-142230 [] []
[2019-02-13 14:26:04] defaultLogger.INFO: Finished background job processing [] []
[2019-02-13 14:26:19] defaultLogger.INFO: Integrity check result file found at: /home/ich_admin_miem/miembros.ichamartin.org/churchcrm/integrityCheck.json [] []
[2019-02-13 14:26:20] defaultLogger.INFO: Starting background job processing [] []
[2019-02-13 14:26:20] defaultLogger.INFO: Not starting application integrity check.  Last application integrity check run: 20190213-142230 [] []
[2019-02-13 14:26:20] defaultLogger.INFO: Finished background job processing [] []
[2019-02-13 14:26:28] defaultLogger.INFO: Starting background job processing [] []
[2019-02-13 14:26:28] defaultLogger.INFO: Not starting application integrity check.  Last application integrity check run: 20190213-142230 [] []
[2019-02-13 14:26:28] defaultLogger.INFO: Finished background job processing [] []
[2019-02-13 20:32:53] defaultLogger.INFO: Starting background job processing [] []
[2019-02-13 20:32:53] defaultLogger.INFO: Not starting application integrity check.  Last application integrity check run: 20190213-142230 [] []
[2019-02-13 20:32:53] defaultLogger.INFO: Finished background job processing [] []
[2019-02-13 20:32:56] defaultLogger.INFO: Starting background job processing [] []
[2019-02-13 20:32:56] defaultLogger.INFO: Not starting application integrity check.  Last application integrity check run: 20190213-142230 [] []
[2019-02-13 20:32:56] defaultLogger.INFO: Finished background job processing [] []
[2019-02-13 20:33:02] defaultLogger.INFO: Starting background job processing [] []
[2019-02-13 20:33:02] defaultLogger.INFO: Not starting application integrity check.  Last application integrity check run: 20190213-142230 [] []
[2019-02-13 20:33:02] defaultLogger.INFO: Finished background job processing [] []
[2019-02-13 20:34:54] defaultLogger.INFO: Starting background job processing [] []
[2019-02-13 20:34:54] defaultLogger.INFO: Not starting application integrity check.  Last application integrity check run: 20190213-142230 [] []
[2019-02-13 20:34:54] defaultLogger.INFO: Finished background job processing [] []
[2019-02-13 20:35:29] defaultLogger.INFO: Starting background job processing [] []
[2019-02-13 20:35:29] defaultLogger.INFO: Not starting application integrity check.  Last application integrity check run: 20190213-142230 [] []
[2019-02-13 20:35:29] defaultLogger.INFO: Finished background job processing [] []
[2019-02-13 20:35:42] defaultLogger.INFO: Starting background job processing [] []
[2019-02-13 20:35:42] defaultLogger.INFO: Not starting application integrity check.  Last application integrity check run: 20190213-142230 [] []
[2019-02-13 20:35:42] defaultLogger.INFO: Finished background job processing [] []
[2019-02-13 20:35:46] defaultLogger.INFO: Starting background job processing [] []
[2019-02-13 20:35:46] defaultLogger.INFO: Not starting application integrity check.  Last application integrity check run: 20190213-142230 [] []
[2019-02-13 20:35:46] defaultLogger.INFO: Finished background job processing [] []
[2019-02-13 20:36:04] defaultLogger.INFO: Starting background job processing [] []
[2019-02-13 20:36:04] defaultLogger.INFO: Not starting application integrity check.  Last application integrity check run: 20190213-142230 [] []
[2019-02-13 20:36:04] defaultLogger.INFO: Finished background job processing [] []
[2019-02-13 20:37:00] defaultLogger.INFO: Starting background job processing [] []
[2019-02-13 20:37:00] defaultLogger.INFO: Not starting application integrity check.  Last application integrity check run: 20190213-142230 [] []
[2019-02-13 20:37:00] defaultLogger.INFO: Finished background job processing [] []
[2019-02-13 20:37:09] defaultLogger.INFO: Starting background job processing [] []
[2019-02-13 20:37:09] defaultLogger.INFO: Not starting application integrity check.  Last application integrity check run: 20190213-142230 [] []
[2019-02-13 20:37:09] defaultLogger.INFO: Finished background job processing [] []
[2019-02-13 20:37:16] defaultLogger.INFO: Starting background job processing [] []
[2019-02-13 20:37:16] defaultLogger.INFO: Not starting application integrity check.  Last application integrity check run: 20190213-142230 [] []
[2019-02-13 20:37:16] defaultLogger.INFO: Finished background job processing [] []
[2019-02-13 20:37:34] defaultLogger.INFO: Integrity check result file found at: /home/ich_admin_miem/miembros.ichamartin.org/churchcrm/integrityCheck.json [] []
[2019-02-13 20:37:35] defaultLogger.INFO: Starting background job processing [] []
[2019-02-13 20:37:35] defaultLogger.INFO: Not starting application integrity check.  Last application integrity check run: 20190213-142230 [] []
[2019-02-13 20:37:35] defaultLogger.INFO: Finished background job processing [] []
[2019-02-13 20:37:42] defaultLogger.INFO: Integrity check result file found at: /home/ich_admin_miem/miembros.ichamartin.org/churchcrm/integrityCheck.json [] []
[2019-02-13 20:37:43] defaultLogger.INFO: Starting background job processing [] []
[2019-02-13 20:37:43] defaultLogger.INFO: Not starting application integrity check.  Last application integrity check run: 20190213-142230 [] []
[2019-02-13 20:37:43] defaultLogger.INFO: Finished background job processing [] []
[2019-02-13 20:41:52] defaultLogger.INFO: Integrity check result file found at: /home/ich_admin_miem/miembros.ichamartin.org/churchcrm/integrityCheck.json [] []
[2019-02-13 20:41:54] defaultLogger.INFO: Starting background job processing [] []
[2019-02-13 20:41:54] defaultLogger.INFO: Not starting application integrity check.  Last application integrity check run: 20190213-142230 [] []
[2019-02-13 20:41:54] defaultLogger.INFO: Finished background job processing [] []
[2019-02-13 20:41:58] defaultLogger.INFO: Integrity check result file found at: /home/ich_admin_miem/miembros.ichamartin.org/churchcrm/integrityCheck.json [] []
[2019-02-13 20:42:00] defaultLogger.INFO: Starting background job processing [] []
[2019-02-13 20:42:00] defaultLogger.INFO: Not starting application integrity check.  Last application integrity check run: 20190213-142230 [] []
[2019-02-13 20:42:00] defaultLogger.INFO: Finished background job processing [] []
[2019-02-13 20:42:38] defaultLogger.INFO: Integrity check result file found at: /home/ich_admin_miem/miembros.ichamartin.org/churchcrm/integrityCheck.json [] []
[2019-02-13 20:42:40] defaultLogger.INFO: Starting background job processing [] []
[2019-02-13 20:42:40] defaultLogger.INFO: Not starting application integrity check.  Last application integrity check run: 20190213-142230 [] []
[2019-02-13 20:42:40] defaultLogger.INFO: Finished background job processing [] []
[2019-02-13 20:42:43] defaultLogger.INFO: Integrity check result file found at: /home/ich_admin_miem/miembros.ichamartin.org/churchcrm/integrityCheck.json [] []
[2019-02-13 20:42:44] defaultLogger.INFO: Starting background job processing [] []
[2019-02-13 20:42:44] defaultLogger.INFO: Not starting application integrity check.  Last application integrity check run: 20190213-142230 [] []
[2019-02-13 20:42:44] defaultLogger.INFO: Finished background job processing [] []
[2019-02-13 20:42:46] defaultLogger.INFO: Integrity check result file found at: /home/ich_admin_miem/miembros.ichamartin.org/churchcrm/integrityCheck.json [] []
[2019-02-13 20:42:47] defaultLogger.INFO: Starting background job processing [] []
[2019-02-13 20:42:47] defaultLogger.INFO: Not starting application integrity check.  Last application integrity check run: 20190213-142230 [] []
[2019-02-13 20:42:47] defaultLogger.INFO: Finished background job processing [] []
[2019-02-13 20:42:50] defaultLogger.INFO: Starting background job processing [] []
[2019-02-13 20:42:50] defaultLogger.INFO: Not starting application integrity check.  Last application integrity check run: 20190213-142230 [] []
[2019-02-13 20:42:50] defaultLogger.INFO: Finished background job processing [] []
[2019-02-13 20:42:51] defaultLogger.INFO: Integrity check result file found at: /home/ich_admin_miem/miembros.ichamartin.org/churchcrm/integrityCheck.json [] []
[2019-02-13 20:42:52] defaultLogger.INFO: Starting background job processing [] []
[2019-02-13 20:42:52] defaultLogger.INFO: Not starting application integrity check.  Last application integrity check run: 20190213-142230 [] []
[2019-02-13 20:42:52] defaultLogger.INFO: Finished background job processing [] []
[2019-02-13 20:43:49] defaultLogger.INFO: Starting background job processing [] []
[2019-02-13 20:43:49] defaultLogger.INFO: Not starting application integrity check.  Last application integrity check run: 20190213-142230 [] []
[2019-02-13 20:43:49] defaultLogger.INFO: Finished background job processing [] []
[2019-02-13 20:43:59] defaultLogger.INFO: Integrity check result file found at: /home/ich_admin_miem/miembros.ichamartin.org/churchcrm/integrityCheck.json [] []
[2019-02-13 20:44:00] defaultLogger.INFO: Starting background job processing [] []
[2019-02-13 20:44:00] defaultLogger.INFO: Not starting application integrity check.  Last application integrity check run: 20190213-142230 [] []
[2019-02-13 20:44:00] defaultLogger.INFO: Finished background job processing [] []
[2019-02-13 20:45:54] defaultLogger.INFO: Starting background job processing [] []
[2019-02-13 20:45:54] defaultLogger.INFO: Not starting application integrity check.  Last application integrity check run: 20190213-142230 [] []
[2019-02-13 20:45:54] defaultLogger.INFO: Finished background job processing [] []
[2019-02-13 20:45:57] defaultLogger.INFO: Starting background job processing [] []
[2019-02-13 20:45:57] defaultLogger.INFO: Not starting application integrity check.  Last application integrity check run: 20190213-142230 [] []
[2019-02-13 20:45:57] defaultLogger.INFO: Finished background job processing [] []
[2019-02-13 20:47:47] defaultLogger.INFO: Starting background job processing [] []
[2019-02-13 20:47:47] defaultLogger.INFO: Not starting application integrity check.  Last application integrity check run: 20190213-142230 [] []
[2019-02-13 20:47:47] defaultLogger.INFO: Finished background job processing [] []
[2019-02-13 20:47:54] defaultLogger.INFO: Starting background job processing [] []
[2019-02-13 20:47:54] defaultLogger.INFO: Not starting application integrity check.  Last application integrity check run: 20190213-142230 [] []
[2019-02-13 20:47:54] defaultLogger.INFO: Finished background job processing [] []
[2019-02-13 20:48:34] defaultLogger.INFO: Starting background job processing [] []
[2019-02-13 20:48:34] defaultLogger.INFO: Not starting application integrity check.  Last application integrity check run: 20190213-142230 [] []
[2019-02-13 20:48:34] defaultLogger.INFO: Finished background job processing [] []
[2019-02-13 20:50:33] defaultLogger.INFO: Integrity check result file found at: /home/ich_admin_miem/miembros.ichamartin.org/churchcrm/integrityCheck.json [] []
[2019-02-13 20:50:34] defaultLogger.INFO: Starting background job processing [] []
[2019-02-13 20:50:34] defaultLogger.INFO: Not starting application integrity check.  Last application integrity check run: 20190213-142230 [] []
[2019-02-13 20:50:34] defaultLogger.INFO: Finished background job processing [] []
[2019-02-13 20:50:40] defaultLogger.INFO: Integrity check result file found at: /home/ich_admin_miem/miembros.ichamartin.org/churchcrm/integrityCheck.json [] []
[2019-02-13 20:50:41] defaultLogger.INFO: Starting background job processing [] []
[2019-02-13 20:50:41] defaultLogger.INFO: Not starting application integrity check.  Last application integrity check run: 20190213-142230 [] []
[2019-02-13 20:50:41] defaultLogger.INFO: Finished background job processing [] []
[2019-02-13 22:20:42] defaultLogger.INFO: Starting background job processing [] []
[2019-02-13 22:20:42] defaultLogger.INFO: Not starting application integrity check.  Last application integrity check run: 20190213-142230 [] []
[2019-02-13 22:20:42] defaultLogger.INFO: Finished background job processing [] []
[2019-02-13 22:20:54] defaultLogger.INFO: Starting background job processing [] []
[2019-02-13 22:20:54] defaultLogger.INFO: Not starting application integrity check.  Last application integrity check run: 20190213-142230 [] []
[2019-02-13 22:20:54] defaultLogger.INFO: Finished background job processing [] []
[2019-02-13 22:21:01] defaultLogger.INFO: Starting background job processing [] []
[2019-02-13 22:21:01] defaultLogger.INFO: Not starting application integrity check.  Last application integrity check run: 20190213-142230 [] []
[2019-02-13 22:21:01] defaultLogger.INFO: Finished background job processing [] []
[2019-02-13 22:21:08] defaultLogger.INFO: Starting background job processing [] []
[2019-02-13 22:21:08] defaultLogger.INFO: Not starting application integrity check.  Last application integrity check run: 20190213-142230 [] []
[2019-02-13 22:21:08] defaultLogger.INFO: Finished background job processing [] []
[2019-02-13 22:21:18] defaultLogger.INFO: Starting background job processing [] []
[2019-02-13 22:21:18] defaultLogger.INFO: Not starting application integrity check.  Last application integrity check run: 20190213-142230 [] []
[2019-02-13 22:21:18] defaultLogger.INFO: Finished background job processing [] []
[2019-02-13 22:21:27] defaultLogger.INFO: Starting background job processing [] []
[2019-02-13 22:21:27] defaultLogger.INFO: Not starting application integrity check.  Last application integrity check run: 20190213-142230 [] []
[2019-02-13 22:21:27] defaultLogger.INFO: Finished background job processing [] []
[2019-02-13 22:21:39] defaultLogger.INFO: Starting background job processing [] []
[2019-02-13 22:21:39] defaultLogger.INFO: Not starting application integrity check.  Last application integrity check run: 20190213-142230 [] []
[2019-02-13 22:21:39] defaultLogger.INFO: Finished background job processing [] []
[2019-02-13 22:22:32] defaultLogger.INFO: Starting background job processing [] []
[2019-02-13 22:22:32] defaultLogger.INFO: Not starting application integrity check.  Last application integrity check run: 20190213-142230 [] []
[2019-02-13 22:22:32] defaultLogger.INFO: Finished background job processing [] []
[2019-02-13 22:22:37] defaultLogger.INFO: Starting background job processing [] []
[2019-02-13 22:22:37] defaultLogger.INFO: Not starting application integrity check.  Last application integrity check run: 20190213-142230 [] []
[2019-02-13 22:22:37] defaultLogger.INFO: Finished background job processing [] []
[2019-02-13 22:22:42] defaultLogger.INFO: Starting background job processing [] []
[2019-02-13 22:22:42] defaultLogger.INFO: Not starting application integrity check.  Last application integrity check run: 20190213-142230 [] []
[2019-02-13 22:22:42] defaultLogger.INFO: Finished background job processing [] []
[2019-02-13 22:22:46] defaultLogger.INFO: Starting background job processing [] []
[2019-02-13 22:22:46] defaultLogger.INFO: Not starting application integrity check.  Last application integrity check run: 20190213-142230 [] []
[2019-02-13 22:22:46] defaultLogger.INFO: Finished background job processing [] []
[2019-02-13 22:23:03] defaultLogger.INFO: Starting background job processing [] []
[2019-02-13 22:23:03] defaultLogger.INFO: Not starting application integrity check.  Last application integrity check run: 20190213-142230 [] []
[2019-02-13 22:23:03] defaultLogger.INFO: Finished background job processing [] []
[2019-02-13 22:35:20] defaultLogger.INFO: Starting background job processing [] []
[2019-02-13 22:35:20] defaultLogger.INFO: Not starting application integrity check.  Last application integrity check run: 20190213-142230 [] []
[2019-02-13 22:35:20] defaultLogger.INFO: Finished background job processing [] []
[2019-02-13 22:36:23] defaultLogger.INFO: Starting background job processing [] []
[2019-02-13 22:36:23] defaultLogger.INFO: Not starting application integrity check.  Last application integrity check run: 20190213-142230 [] []
[2019-02-13 22:36:23] defaultLogger.INFO: Finished background job processing [] []
[2019-02-13 22:36:33] defaultLogger.INFO: Integrity check result file found at: /home/ich_admin_miem/miembros.ichamartin.org/churchcrm/integrityCheck.json [] []
[2019-02-13 22:36:34] defaultLogger.INFO: Starting background job processing [] []
[2019-02-13 22:36:34] defaultLogger.INFO: Not starting application integrity check.  Last application integrity check run: 20190213-142230 [] []
[2019-02-13 22:36:34] defaultLogger.INFO: Finished background job processing [] []
[2019-02-13 22:51:11] defaultLogger.INFO: Starting background job processing [] []
[2019-02-13 22:51:11] defaultLogger.INFO: Not starting application integrity check.  Last application integrity check run: 20190213-142230 [] []
[2019-02-13 22:51:11] defaultLogger.INFO: Finished background job processing [] []
[2019-02-13 22:51:19] defaultLogger.INFO: Integrity check result file found at: /home/ich_admin_miem/miembros.ichamartin.org/churchcrm/integrityCheck.json [] []
[2019-02-13 22:51:21] defaultLogger.INFO: Starting background job processing [] []
[2019-02-13 22:51:21] defaultLogger.INFO: Not starting application integrity check.  Last application integrity check run: 20190213-142230 [] []
[2019-02-13 22:51:21] defaultLogger.INFO: Finished background job processing [] []
[2019-02-13 22:53:10] defaultLogger.INFO: Integrity check result file found at: /home/ich_admin_miem/miembros.ichamartin.org/churchcrm/integrityCheck.json [] []
[2019-02-13 22:53:10] defaultLogger.INFO: Starting background job processing [] []
[2019-02-13 22:53:10] defaultLogger.INFO: Not starting application integrity check.  Last application integrity check run: 20190213-142230 [] []
[2019-02-13 22:53:10] defaultLogger.INFO: Finished background job processing [] []
[2019-02-13 22:53:24] defaultLogger.INFO: Starting background job processing [] []
[2019-02-13 22:53:24] defaultLogger.INFO: Not starting application integrity check.  Last application integrity check run: 20190213-142230 [] []
[2019-02-13 22:53:24] defaultLogger.INFO: Finished background job processing [] []
[2019-02-13 22:57:17] defaultLogger.INFO: Starting background job processing [] []
[2019-02-13 22:57:17] defaultLogger.INFO: Not starting application integrity check.  Last application integrity check run: 20190213-142230 [] []
[2019-02-13 22:57:17] defaultLogger.INFO: Finished background job processing [] []
[2019-02-13 22:57:23] defaultLogger.INFO: Starting background job processing [] []
[2019-02-13 22:57:23] defaultLogger.INFO: Not starting application integrity check.  Last application integrity check run: 20190213-142230 [] []
[2019-02-13 22:57:23] defaultLogger.INFO: Finished background job processing [] []
[2019-02-13 22:57:33] defaultLogger.INFO: Starting background job processing [] []
[2019-02-13 22:57:33] defaultLogger.INFO: Not starting application integrity check.  Last application integrity check run: 20190213-142230 [] []
[2019-02-13 22:57:33] defaultLogger.INFO: Finished background job processing [] []
[2019-02-13 22:57:39] defaultLogger.INFO: Starting background job processing [] []
[2019-02-13 22:57:39] defaultLogger.INFO: Not starting application integrity check.  Last application integrity check run: 20190213-142230 [] []
[2019-02-13 22:57:39] defaultLogger.INFO: Finished background job processing [] []
[2019-02-13 22:58:40] defaultLogger.INFO: Starting background job processing [] []
[2019-02-13 22:58:40] defaultLogger.INFO: Not starting application integrity check.  Last application integrity check run: 20190213-142230 [] []
[2019-02-13 22:58:40] defaultLogger.INFO: Finished background job processing [] []
[2019-02-13 22:59:06] defaultLogger.INFO: Starting background job processing [] []
[2019-02-13 22:59:06] defaultLogger.INFO: Not starting application integrity check.  Last application integrity check run: 20190213-142230 [] []
[2019-02-13 22:59:06] defaultLogger.INFO: Finished background job processing [] []
[2019-02-13 22:59:10] defaultLogger.INFO: Starting background job processing [] []
[2019-02-13 22:59:10] defaultLogger.INFO: Not starting application integrity check.  Last application integrity check run: 20190213-142230 [] []
[2019-02-13 22:59:10] defaultLogger.INFO: Finished background job processing [] []
[2019-02-13 22:59:17] defaultLogger.INFO: Starting background job processing [] []
[2019-02-13 22:59:17] defaultLogger.INFO: Not starting application integrity check.  Last application integrity check run: 20190213-142230 [] []
[2019-02-13 22:59:17] defaultLogger.INFO: Finished background job processing [] []
[2019-02-13 22:59:22] defaultLogger.INFO: Starting background job processing [] []
[2019-02-13 22:59:22] defaultLogger.INFO: Not starting application integrity check.  Last application integrity check run: 20190213-142230 [] []
[2019-02-13 22:59:22] defaultLogger.INFO: Finished background job processing [] []
[2019-02-13 22:59:26] defaultLogger.INFO: Starting background job processing [] []
[2019-02-13 22:59:26] defaultLogger.INFO: Not starting application integrity check.  Last application integrity check run: 20190213-142230 [] []
[2019-02-13 22:59:26] defaultLogger.INFO: Finished background job processing [] []
[2019-02-13 22:59:30] defaultLogger.INFO: Starting background job processing [] []
[2019-02-13 22:59:30] defaultLogger.INFO: Not starting application integrity check.  Last application integrity check run: 20190213-142230 [] []
[2019-02-13 22:59:30] defaultLogger.INFO: Finished background job processing [] []
[2019-02-13 23:00:34] defaultLogger.INFO: Starting background job processing [] []
[2019-02-13 23:00:34] defaultLogger.INFO: Not starting application integrity check.  Last application integrity check run: 20190213-142230 [] []
[2019-02-13 23:00:34] defaultLogger.INFO: Finished background job processing [] []
[2019-02-13 23:00:50] defaultLogger.INFO: Starting background job processing [] []
[2019-02-13 23:00:50] defaultLogger.INFO: Not starting application integrity check.  Last application integrity check run: 20190213-142230 [] []
[2019-02-13 23:00:50] defaultLogger.INFO: Finished background job processing [] []
[2019-02-13 23:00:55] defaultLogger.INFO: Starting background job processing [] []
[2019-02-13 23:00:55] defaultLogger.INFO: Not starting application integrity check.  Last application integrity check run: 20190213-142230 [] []
[2019-02-13 23:00:55] defaultLogger.INFO: Finished background job processing [] []
[2019-02-13 23:01:12] defaultLogger.INFO: Starting background job processing [] []
[2019-02-13 23:01:12] defaultLogger.INFO: Not starting application integrity check.  Last application integrity check run: 20190213-142230 [] []
[2019-02-13 23:01:12] defaultLogger.INFO: Finished background job processing [] []
[2019-02-13 23:01:17] defaultLogger.INFO: Starting background job processing [] []
[2019-02-13 23:01:17] defaultLogger.INFO: Not starting application integrity check.  Last application integrity check run: 20190213-142230 [] []
[2019-02-13 23:01:17] defaultLogger.INFO: Finished background job processing [] []
